MPASM  5.11                         CHEN2.ASM   4-6-2010  12:33:47         PAGE  1


LOC  OBJECT CODE     LINE SOURCE TEXT
  VALUE

                      00001 
                      00002 
                      00003         LIST      p=16F84            ; Définition de processeur
                      00004         #include <p16F84.inc>        ; Définitions de variables
                      00001         LIST
                      00002 ; P16F84.INC  Standard Header File, Version 2.00    Microchip Technology, Inc.
Message[301]: MESSAGE: (Processor-header file mismatch.  Verify selected processor.)
                      00136         LIST
                      00005 
2007   3FF2           00006         __CONFIG   _CP_OFF & _WDT_OFF & _PWRTE_ON & _HS_OSC
                      00007 
                      00008 ; '__CONFIG' précise les paramètres encodés dans le processeur au moment de
                      00009 ; sa programmation. Les définitions sont dans le fichier include.
                      00010 ; Voici les valeurs et leurs définitions :
                      00011 
                      00012 ;       _CP_ON          Code protection ON : impossible de relire
                      00013 ;       _CP_OFF         Code protection OFF
                      00014 ;       _PWRTE_ON       Timer reset sur power on en service
                      00015 ;       _PWRTE_OFF      Timer reset hors-service
                      00016 ;       _WDT_ON         Watch-dog en service
                      00017 ;       _WDT_OFF        Watch-dog hors service
                      00018 ;       _LP_OSC         Oscillateur quartz basse vitesse
                      00019 ;       _XT_OSC         Oscillateur quartz moyenne vitesse
                      00020 ;       _HS_OSC         Oscillateur quartz grande vitesse
                      00021 ;       _RC_OSC         Oscillateur à réseau RC
                      00022 
                      00023 ;*********************************************************************
                      00024 ;                              ASSIGNATIONS                          *
                      00025 ;*********************************************************************
                      00026 
  00000000            00027 TRISA_VAL       EQU     0x00    ; Valeur à charger dans registre TRISA 
  00000001            00028 TRISB_VAL       EQU     0x01    ; Valeur à charger dans registre TRISB 
  000000FF            00029 INIT_PORTA      EQU     0xFF    ; Valeur initiale à charger dans registre PORTA 
  00000000            00030 INIT_PORTB      EQU     0x00    ; Valeur initiale à charger dans registre PORTB 
                      00031 
                      00032 ;*********************************************************************
                      00033 ;                             DEFINE                                 *
                      00034 ;*********************************************************************
                      00035 
                      00036 #DEFINE BOUTON  PORTB,0         ; bouton-poussoir
                      00037 
                      00038 ;*********************************************************************
                      00039 ;                             MACRO                                  *
                      00040 ;*********************************************************************
                      00041 
                      00042 BANK0   macro                   ; défini une macro "BANK0"
                      00043         bcf     STATUS , RP0    ; passer banque0
                      00044         endm                            ; fin de la macro
                      00045 
                      00046 BANK1   macro
                      00047         bsf     STATUS , RP0    ; passer banque1
                      00048         endm
                      00049 
MPASM  5.11                         CHEN2.ASM   4-6-2010  12:33:47         PAGE  2


LOC  OBJECT CODE     LINE SOURCE TEXT
  VALUE

                      00050 ;*********************************************************************
                      00051 ;                   DECLARATIONS DE VARIABLES                        *
                      00052 ;*********************************************************************
                      00053 
                      00054         CBLOCK 0x00C    ; début de la zone de variables (pour exemple)
                      00055 
  0000000C            00056         VAR : 1                 ; déclare une variable "VAR" de 1 octet (adresse 0x00C)
  0000000D            00057         TABLEAU : 10    ; réserve une zone mémoire de 10 octets (0x00D - 0x017)
                      00058                                         ; (TABLEAU est le 1er élément)
  0000001D            00059         cmpt1 : 1               ; compteur de boucles 1
  0000001E            00060         cmpt2 : 1               ; compteur de boucles 2
  0000001F            00061         cmpt3 : 1               ; compteur de boucles 3
                      00062 
                      00063     ENDC                        ; Fin de la zone                        
                      00064 
                      00065 ;**********************************************************************
                      00066 ;                      DEMARRAGE SUR RESET                            *
                      00067 ;**********************************************************************
                      00068 
0000                  00069         org 0x000               ; fixe l'adresse d'implantation en mémoire programme
                      00070                                         ; de l'instruction qui suit
0000                  00071 reset                   
0000   2818           00072         goto    start           
                      00073 
                      00074 ;*********************************************************************
                      00075 ;                       INITIALISATIONS                              *
                      00076 ;*********************************************************************
                      00077 
0001                  00078 init
                      00079         
                      00080     BANK1                       
0001   1683               M         bsf     STATUS , RP0    ; passer banque1
0002   3000           00081         movlw   TRISA_VAL       
Message[302]: Register in operand not in bank 0.  Ensure that bank bits are correct.
0003   0085           00082         movwf   TRISA           
0004   3001           00083         movlw   TRISB_VAL
Message[302]: Register in operand not in bank 0.  Ensure that bank bits are correct.
0005   0086           00084         movwf   TRISB           
                      00085         BANK0                   
0006   1283               M         bcf     STATUS , RP0    ; passer banque0
0007   30FF           00086         movlw INIT_PORTA
0008   0085           00087         movwf PORTA
0009   3000           00088         movlw INIT_PORTB
000A   0086           00089         movwf PORTB
000B   0008           00090         return          
                      00091 
                      00092 ;*********************************************************************
                      00093 ;                   SOUS-PROGRAMME DE TEMPORISATION                  *
                      00094 ;*********************************************************************
                      00095 
000C                  00096 tempo
000C   3002           00097         movlw   2               
000D   009F           00098         movwf   cmpt3           
MPASM  5.11                         CHEN2.ASM   4-6-2010  12:33:47         PAGE  3


LOC  OBJECT CODE     LINE SOURCE TEXT
  VALUE

000E                  00099 boucle3
000E   019E           00100         clrf    cmpt2           
000F                  00101 boucle2
000F   019D           00102         clrf    cmpt1           
0010                  00103 boucle1
0010   0000           00104         nop                     
0011   0B9D           00105         decfsz  cmpt1 , f       
0012   2810           00106         goto    boucle1 
0013   0B9E           00107         decfsz  cmpt2 , f
0014   280F           00108         goto    boucle2         
0015   0B9F           00109         decfsz  cmpt3 , f       
0016   280E           00110         goto    boucle3         
0017   0008           00111         return  
                      00112                 
                      00113 ;*********************************************************************
                      00114 ;                      PROGRAMME PRINCIPAL                           *
                      00115 ;*********************************************************************
                      00116 
0018                  00117 start
0018   2001           00118         call init
                      00119 
                      00120 
0019                  00121 boucle
                      00122 
0019   0D85           00123         rlf PORTA, 1
                      00124 
001A   1C03           00125         btfss STATUS, C
001B   1405           00126         bsf PORTA, 0
001C   1803           00127         btfsc STATUS, C
001D   1005           00128         bcf PORTA, 0
001E   200C           00129         call tempo
                      00130 
Warning[203]: Found opcode in column 1. (goto)
001F   2819           00131 goto boucle
                      00132 
                      00133         END                     ; directive fin de programme
MPASM  5.11                         CHEN2.ASM   4-6-2010  12:33:47         PAGE  4


SYMBOL TABLE
  LABEL                             VALUE 

BANK0                             
BANK1                             
BOUTON                            PORTB,0
C                                 00000000
DC                                00000001
EEADR                             00000009
EECON1                            00000088
EECON2                            00000089
EEDATA                            00000008
EEIE                              00000006
EEIF                              00000004
F                                 00000001
FSR                               00000004
GIE                               00000007
INDF                              00000000
INIT_PORTA                        000000FF
INIT_PORTB                        00000000
INTCON                            0000000B
INTE                              00000004
INTEDG                            00000006
INTF                              00000001
IRP                               00000007
NOT_PD                            00000003
NOT_RBPU                          00000007
NOT_TO                            00000004
OPTION_REG                        00000081
PCL                               00000002
PCLATH                            0000000A
PORTA                             00000005
PORTB                             00000006
PS0                               00000000
PS1                               00000001
PS2                               00000002
PSA                               00000003
RBIE                              00000003
RBIF                              00000000
RD                                00000000
RP0                               00000005
RP1                               00000006
STATUS                            00000003
T0CS                              00000005
T0IE                              00000005
T0IF                              00000002
T0SE                              00000004
TABLEAU                           0000000D
TMR0                              00000001
TRISA                             00000085
TRISA_VAL                         00000000
TRISB                             00000086
TRISB_VAL                         00000001
VAR                               0000000C
W                                 00000000
WR                                00000001
MPASM  5.11                         CHEN2.ASM   4-6-2010  12:33:47         PAGE  5


SYMBOL TABLE
  LABEL                             VALUE 

WREN                              00000002
WRERR                             00000003
Z                                 00000002
_CP_OFF                           00003FFF
_CP_ON                            0000000F
_HS_OSC                           00003FFE
_LP_OSC                           00003FFC
_PWRTE_OFF                        00003FFF
_PWRTE_ON                         00003FF7
_RC_OSC                           00003FFF
_WDT_OFF                          00003FFB
_WDT_ON                           00003FFF
_XT_OSC                           00003FFD
__16F84A                          00000001
boucle                            00000019
boucle1                           00000010
boucle2                           0000000F
boucle3                           0000000E
cmpt1                             0000001D
cmpt2                             0000001E
cmpt3                             0000001F
init                              00000001
reset                             00000000
start                             00000018
tempo                             0000000C


MEMORY USAGE MAP ('X' = Used,  '-' = Unused)

0000 : XXXXXXXXXXXXXXXX XXXXXXXXXXXXXXXX ---------------- ----------------
2000 : -------X-------- ---------------- ---------------- ----------------

All other memory blocks unused.

Program Memory Words Used:    32
Program Memory Words Free:   992


Errors   :     0
Warnings :     1 reported,     0 suppressed
Messages :     3 reported,     0 suppressed

