MPASM  5.11                         CHEN5.ASM   5-11-2010  13:53:27         PAGE  1


LOC  OBJECT CODE     LINE SOURCE TEXT
  VALUE

                      00001 
                      00002 
                      00003         LIST      p=16F84            ; Définition de processeur
                      00004         #include <p16F84.inc>        ; Définitions de variables
                      00001         LIST
                      00002 ; P16F84.INC  Standard Header File, Version 2.00    Microchip Technology, Inc.
Message[301]: MESSAGE: (Processor-header file mismatch.  Verify selected processor.)
                      00136         LIST
                      00005 
2007   3FF2           00006         __CONFIG   _CP_OFF & _WDT_OFF & _PWRTE_ON & _HS_OSC
                      00007 
                      00008 ; '__CONFIG' précise les paramètres encodés dans le processeur au moment de
                      00009 ; la programmation du processeur. Les définitions sont dans le fichier include.
                      00010 ; Voici les valeurs et leurs définitions :
                      00011 
                      00012 ;       _CP_ON          Code protection ON : impossible de relire
                      00013 ;       _CP_OFF         Code protection OFF
                      00014 ;       _PWRTE_ON       Timer reset sur power on en service
                      00015 ;       _PWRTE_OFF      Timer reset hors-service
                      00016 ;       _WDT_ON         Watch-dog en service
                      00017 ;       _WDT_OFF        Watch-dog hors service
                      00018 ;       _LP_OSC         Oscillateur quartz basse vitesse
                      00019 ;       _XT_OSC         Oscillateur quartz moyenne vitesse
                      00020 ;       _HS_OSC         Oscillateur quartz grande vitesse
                      00021 ;       _RC_OSC         Oscillateur à réseau RC
                      00022 
                      00023 ;*********************************************************************
                      00024 ;                              ASSIGNATIONS                          *
                      00025 ;*********************************************************************
                      00026 
                      00027 
  00000000            00028 TRISA_VAL       EQU     0x00    ; Valeur à charger dans registre TRISA 
  00000001            00029 TRISB_VAL       EQU     0x01    ; Valeur à charger dans registre TRISB 
  000000FE            00030 INIT_PORTA      EQU     0xFE    ; Valeur initiale à charger dans registre PORTA 
  00000000            00031 INIT_PORTB      EQU     0x00    ; Valeur initiale à charger dans registre PORTB 
                      00032 ;*********************************************************************
                      00033 ;                             DEFINE                                 *
                      00034 ;*********************************************************************
                      00035 
                      00036 #DEFINE BOUTON  PORTB,0         ; bouton-poussoir
                      00037 
                      00038 ;*********************************************************************
                      00039 ;                             MACRO                                  *
                      00040 ;*********************************************************************
                      00041 
                      00042 BANK0   macro                   ; défini une macro "BANK0"
                      00043         bcf     STATUS , RP0    ; passer banque0
                      00044         endm                            ; fin de la macro
                      00045 
                      00046 BANK1   macro
                      00047         bsf     STATUS , RP0    ; passer banque1
                      00048         endm
                      00049 
MPASM  5.11                         CHEN5.ASM   5-11-2010  13:53:27         PAGE  2


LOC  OBJECT CODE     LINE SOURCE TEXT
  VALUE

                      00050 ;**********************************************************************
                      00051 ;                      DEMARRAGE SUR RESET                            *
                      00052 ;**********************************************************************
                      00053 
                      00054 reset   code 0x000              ; section de code "reset" en 0x000 impérative pour le démarrage
0000   2???           00055         goto    start   
                      00056 
                      00057 ;*********************************************************************
                      00058 ;                       INITIALISATIONS                              *
                      00059 ;*********************************************************************
                      00060 
                      00061 prog    code            ; section de code "prog"
0000                  00062 init
                      00063         
                      00064     BANK1                       
0000   1683               M         bsf     STATUS , RP0    ; passer banque1
0001   3000           00065         movlw TRISA_VAL 
Message[302]: Register in operand not in bank 0.  Ensure that bank bits are correct.
0002   0085           00066         movwf TRISA             
0003   3001           00067         movlw TRISB_VAL
Message[302]: Register in operand not in bank 0.  Ensure that bank bits are correct.
0004   0086           00068         movwf TRISB             
                      00069         BANK0                   
0005   1283               M         bcf     STATUS , RP0    ; passer banque0
0006   30FE           00070         movlw INIT_PORTA
0007   0085           00071         movwf PORTA
0008   3000           00072         movlw INIT_PORTB
0009   0086           00073         movwf PORTB
000A   0008           00074         return          
                      00075                 
                      00076 ;*********************************************************************
                      00077 ;                      PROGRAMME PRINCIPAL                           *
                      00078 ;*********************************************************************
                      00079 
  0000                00080         extern tempo    ; importe le symbole "tempo" (étiquette exportée par tempo.asm)
                      00081 
000B                  00082 start
  0000                00083         extern copy_init_data
000B   2???           00084         call copy_init_data
000C   2???           00085         call init
                      00086 
000D                  00087 boucle
                      00088 
000D   1403           00089         bsf STATUS, C
000E   30FF           00090         movlw 0xFF
000F   1E05           00091         btfss PORTA, 4
0010   1003           00092         bcf STATUS, C
0011   1E05           00093         btfss PORTA, 4
0012   0085           00094         movwf PORTA             
                      00095         
0013   0D85           00096         rlf PORTA, f
                      00097 
0014   2???           00098         call tempo
MPASM  5.11                         CHEN5.ASM   5-11-2010  13:53:27         PAGE  3


LOC  OBJECT CODE     LINE SOURCE TEXT
  VALUE

                      00099 
0015   2???           00100         goto boucle
                      00101 
                      00102 
                      00103         END                     ; directive fin de programme
MPASM  5.11                         CHEN5.ASM   5-11-2010  13:53:27         PAGE  4


SYMBOL TABLE
  LABEL                             VALUE 

BANK0                             
BANK1                             
BOUTON                            PORTB,0
C                                 00000000
DC                                00000001
EEADR                             00000009
EECON1                            00000088
EECON2                            00000089
EEDATA                            00000008
EEIE                              00000006
EEIF                              00000004
F                                 00000001
FSR                               00000004
GIE                               00000007
INDF                              00000000
INIT_PORTA                        000000FE
INIT_PORTB                        00000000
INTCON                            0000000B
INTE                              00000004
INTEDG                            00000006
INTF                              00000001
IRP                               00000007
NOT_PD                            00000003
NOT_RBPU                          00000007
NOT_TO                            00000004
OPTION_REG                        00000081
PCL                               00000002
PCLATH                            0000000A
PORTA                             00000005
PORTB                             00000006
PS0                               00000000
PS1                               00000001
PS2                               00000002
PSA                               00000003
RBIE                              00000003
RBIF                              00000000
RD                                00000000
RP0                               00000005
RP1                               00000006
STATUS                            00000003
T0CS                              00000005
T0IE                              00000005
T0IF                              00000002
T0SE                              00000004
TMR0                              00000001
TRISA                             00000085
TRISA_VAL                         00000000
TRISB                             00000086
TRISB_VAL                         00000001
W                                 00000000
WR                                00000001
WREN                              00000002
WRERR                             00000003
MPASM  5.11                         CHEN5.ASM   5-11-2010  13:53:27         PAGE  5


SYMBOL TABLE
  LABEL                             VALUE 

Z                                 00000002
_CP_OFF                           00003FFF
_CP_ON                            0000000F
_HS_OSC                           00003FFE
_LP_OSC                           00003FFC
_PWRTE_OFF                        00003FFF
_PWRTE_ON                         00003FF7
_RC_OSC                           00003FFF
_WDT_OFF                          00003FFB
_WDT_ON                           00003FFF
_XT_OSC                           00003FFD
__16F84A                          00000001
boucle                            0000000D
copy_init_data                    00000000
init                              00000000
start                             0000000B
tempo                             00000000

Errors   :     0
Warnings :     0 reported,     0 suppressed
Messages :     3 reported,     0 suppressed

