MPASM  5.11                         TEMPO.ASM   5-11-2010  13:53:24         PAGE  1


LOC  OBJECT CODE     LINE SOURCE TEXT
  VALUE

                      00001 
                      00002         LIST      p=16F84            ; Définition de processeur
                      00003         #include <p16F84.inc>        ; Définitions de variables
                      00001         LIST
                      00002 ; P16F84.INC  Standard Header File, Version 2.00    Microchip Technology, Inc.
Message[301]: MESSAGE: (Processor-header file mismatch.  Verify selected processor.)
                      00136         LIST
                      00004 
                      00005 
                      00006 ;*********************************************************************
                      00007 ;                           SECTIONS DE DONNEES                      *
                      00008 ;*********************************************************************
                      00009 
                      00010 données                 udata           ; début d'une section de données non initialisées (le nom est fa
                            cultatif)
                      00011         
0000                  00012 cmpt1   RES     1                               ; réserve 1 octet (cmpt1 pointe sur le 1er élément de la
                             section)
0001                  00013 cmpt2   RES     1                               ; réserve 1 octet (cmpt2 pointe sur le 2e élément de la 
                            section)
                      00014 
                      00015 données_init    idata           ; début d'une section de données initialisées (le nom est facultatif)
                      00016 
0000   03             00017 cmpt3   DB      0x03                    ; affecte un octet (valeur 0x03) à cmpt3
                      00018 
                      00019 ;*********************************************************************
                      00020 ;         SECTION DE CODE (sous_programme de temporisation)          *
                      00021 ;*********************************************************************
                      00022         
                      00023 SP_tempo        code    ; début de la section de code "SP_tempo"
                      00024 
0000                  00025 tempo 
  0000                00026         global tempo    ; exporte la référence "tempo" (étiquette)
                      00027 
0000   3002           00028         movlw   2               
0001   00??           00029         movwf   cmpt3
0002                  00030 boucle3
0002   01??           00031         clrf    cmpt2           
0003                  00032 boucle2
0003   01??           00033         clrf    cmpt1           
0004                  00034 boucle1
0004   0000           00035         nop                     
0005   0B??           00036         decfsz  cmpt1 , f       
0006   2???           00037         goto    boucle1 
0007   0B??           00038         decfsz  cmpt2 , f
0008   2???           00039         goto    boucle2         
0009   0B??           00040         decfsz  cmpt3 , f       
000A   2???           00041         goto    boucle3         
000B   0008           00042         return  
                      00043 
                      00044         END             
MPASM  5.11                         TEMPO.ASM   5-11-2010  13:53:24         PAGE  2


SYMBOL TABLE
  LABEL                             VALUE 

C                                 00000000
DC                                00000001
EEADR                             00000009
EECON1                            00000088
EECON2                            00000089
EEDATA                            00000008
EEIE                              00000006
EEIF                              00000004
F                                 00000001
FSR                               00000004
GIE                               00000007
INDF                              00000000
INTCON                            0000000B
INTE                              00000004
INTEDG                            00000006
INTF                              00000001
IRP                               00000007
NOT_PD                            00000003
NOT_RBPU                          00000007
NOT_TO                            00000004
OPTION_REG                        00000081
PCL                               00000002
PCLATH                            0000000A
PORTA                             00000005
PORTB                             00000006
PS0                               00000000
PS1                               00000001
PS2                               00000002
PSA                               00000003
RBIE                              00000003
RBIF                              00000000
RD                                00000000
RP0                               00000005
RP1                               00000006
STATUS                            00000003
T0CS                              00000005
T0IE                              00000005
T0IF                              00000002
T0SE                              00000004
TMR0                              00000001
TRISA                             00000085
TRISB                             00000086
W                                 00000000
WR                                00000001
WREN                              00000002
WRERR                             00000003
Z                                 00000002
_CP_OFF                           00003FFF
_CP_ON                            0000000F
_HS_OSC                           00003FFE
_LP_OSC                           00003FFC
_PWRTE_OFF                        00003FFF
_PWRTE_ON                         00003FF7
MPASM  5.11                         TEMPO.ASM   5-11-2010  13:53:24         PAGE  3


SYMBOL TABLE
  LABEL                             VALUE 

_RC_OSC                           00003FFF
_WDT_OFF                          00003FFB
_WDT_ON                           00003FFF
_XT_OSC                           00003FFD
__16F84A                          00000001
boucle1                           00000004
boucle2                           00000003
boucle3                           00000002
cmpt1                             00000000
cmpt2                             00000001
cmpt3                             00000000
tempo                             00000000

Errors   :     0
Warnings :     0 reported,     0 suppressed
Messages :     1 reported,     0 suppressed

